Actresses to process: 102
[  1/102] 深田咏美 (深田えいみ) -> 24 solo
[  2/102] 枫ふうあ (楓ふうあ) -> 20 solo
[  3/102] 三上悠亚 (三上悠亜) -> 21 solo
[  4/102] 七森莉莉 -> 19 solo
[  5/102] 奥田咲 -> 24 solo
[  6/102] 梦乃爱佳 -> 0 solo
[  7/102] 河北彩花 -> 16 solo
[  8/102] 鹫尾芽衣 -> 18 solo
[  9/102] 凪ひかる -> 17 solo
[ 10/102] 清原みゆう -> 0 solo
[ 11/102] 明日叶みつは -> 19 solo
[ 12/102] 瀬户环奈 -> 17 solo
[ 13/102] 凉森玲梦 (涼森れむ) -> 22 solo
[ 14/102] 川越にこ -> 16 solo
[ 15/102] 田野忧 -> 17 solo
[ 16/102] 楪可怜 (楪カレン) -> 21 solo
[ 17/102] 相泽南 (相沢みなみ) -> 21 solo
[ 18/102] 架乃由罗 -> 1 solo
[ 19/102] 天音真比奈 -> 6 solo
[ 20/102] 小宵虎南 -> 14 solo
[ 21/102] つばさ舞 -> 20 solo
[ 22/102] 山手梨爱 -> 15 solo
[ 23/102] うんぱい -> 0 solo
[ 24/102] 东云みれい -> 14 solo
[ 25/102] 安达夕莉 -> 19 solo
[ 26/102] 宫城りえ -> 0 solo
[ 27/102] 黑岛玲衣 -> 15 solo
[ 28/102] 村上悠华 -> 17 solo
[ 29/102] 仁藤さや香 -> 12 solo
[ 30/102] 五条恋 -> 15 solo
[ 31/102] 逢泽みゆ -> 22 solo
[ 32/102] 神宫寺奈绪 (神宮寺ナオ) -> 9 solo
[ 33/102] 叶山さゆり (葉山さゆり) -> 20 solo
[ 34/102] 白鸟寿美礼 -> 0 solo
[ 35/102] 宫泽千春 -> 0 solo
[ 36/102] 爱濑瑠华 -> 8 solo
[ 37/102] 高嶋纪惠 -> 0 solo
[ 38/102] 来未エリカ -> 0 solo
[ 39/102] 三岛奈津子 (三島奈津子) -> 18 solo
[ 40/102] 池上间寻 (池上まひろ) -> 0 solo
[ 41/102] 东实果 (東実果) -> 6 solo
[ 42/102] miru -> 22 solo
[ 43/102] みなと羽琉 -> 19 solo
[ 44/102] 浅野こころ -> 18 solo
[ 45/102] 儿玉七海 -> 17 solo
[ 46/102] 渚あいり -> 19 solo
[ 47/102] 金松季步 -> 18 solo
[ 48/102] 白上咲花 -> 19 solo
[ 49/102] 仓木华 -> 20 solo
[ 50/102] 石田佳莲 -> 7 solo
[ 51/102] 榊原萌 -> 19 solo
[ 52/102] 糸井瑠花 -> 16 solo
[ 53/102] 新木希空 -> 15 solo
[ 54/102] 笹仓彩 -> 8 solo
[ 55/102] 木村爱心 -> 15 solo
[ 56/102] 彩月七绪 (彩月七緒) -> 18 solo
[ 57/102] 松本一香 (松本いちか) -> 18 solo
[ 58/102] 美园和花 (美園和花) -> 16 solo
[ 59/102] 梦实かなえ (夢実かなえ) -> 8 solo
[ 60/102] 博多彩叶 (博多彩葉) -> 4 solo
[ 61/102] 森泽佳奈 (饭冈佳奈子) (森沢かな（飯岡かなこ） -> 20 solo
[ 62/102] 神木丽 (神木麗) -> 20 solo
[ 63/102] 枫可怜 (田中柠檬) (楓カレン (田中レモン)) -> 22 solo
[ 64/102] 小岛南 -> 18 solo
[ 65/102] 天使萌 -> 17 solo
[ 66/102] 桥本有菜 (新有菜) -> 17 solo
[ 67/102] 羽咲美晴 -> 0 solo
[ 68/102] 深田奈奈 -> 18 solo
[ 69/102] 松本菜奈实 -> 20 solo
[ 70/102] 日菜菜彩音 -> 0 solo
[ 71/102] 松田美子 -> 5 solo
[ 72/102] 吉高宁宁 -> 22 solo
[ 73/102] 夕美紫苑 -> 12 solo
[ 74/102] 乃木萤 -> 0 solo
[ 75/102] 花宫亚梦 -> 14 solo
[ 76/102] 乙白沙也加 -> 17 solo
[ 77/102] 潮美舞 -> 0 solo
[ 78/102] 爱宝すず -> 0 solo
[ 79/102] 似鸟日菜 -> 8 solo
[ 80/102] 望月つぼみ -> 16 solo
[ 81/102] 丸石レア -> 0 solo
[ 82/102] 水乃なのは -> 0 solo
[ 83/102] 葵司 -> 16 solo
[ 84/102] 安斋拉拉 -> 19 solo
[ 85/102] 三宫椿 -> 15 solo
[ 86/102] 小仓七海 -> 1 solo
[ 87/102] 悠纱ありす -> 0 solo
[ 88/102] 日向かえで -> 5 solo
[ 89/102] 本乡爱 -> 4 solo
[ 90/102] 三田真铃 -> 16 solo
[ 91/102] 神楽ももか -> 17 solo
[ 92/102] 早坂ひめ -> 18 solo
[ 93/102] 小坂七香 -> 19 solo
[ 94/102] 北野未奈 -> 23 solo
[ 95/102] 大岛优香 (大島優香) -> 19 solo
[ 96/102] 橘玛丽 (橘メアリー) -> 16 solo
[ 97/102] 新有菜 (桥本有菜) (新ありな (橋本ありな)) -> 19 solo
[ 98/102] 泷川花音 (瀧川花音) -> 10 solo
[ 99/102] 弓乃りむ -> 20 solo
[100/102] 未步なな (未歩なな) -> 0 solo
[101/102] 川上优 (森野雫) (川上ゆう（森野雫）) -> 23 solo
[102/102] 向井蓝 (向井藍) -> 19 solo

Done. Failures: 0
