Refetching 102 actresses, top 15 each...
[  1/102] 深田咏美 (深田えいみ)
  GET https://missav.ai/dm448/cn/actresses/%E6%B7%B1%E7%94%B0%E5%92%8F%E7%BE%8E?sort=views&page=2
  -> 15 videos
[  2/102] 枫ふうあ (楓ふうあ)
  GET https://missav.ai/dm63/cn/actresses/%E6%9E%AB%E3%81%B5%E3%81%86%E3%81%82?sort=views
  GET https://missav.ai/dm63/cn/actresses/%E6%9E%AB%E3%81%B5%E3%81%86%E3%81%82?sort=views&page=2
  -> 15 videos
[  3/102] 三上悠亚 (三上悠亜)
  GET https://missav.ai/dm215/cn/actresses/%E4%B8%89%E4%B8%8A%E6%82%A0%E4%BA%9A?sort=views
  -> 10 videos
[  4/102] 七森莉莉
  GET https://missav.ai/dm129/cn/actresses/%E4%B8%83%E6%A3%AE%E8%8E%89%E8%8E%89?sort=views
  -> 11 videos
[  5/102] 奥田咲
  GET https://missav.ai/dm93/cn/actresses/%E5%A5%A5%E7%94%B0%E5%92%B2?sort=views
  -> 11 videos
[  6/102] 梦乃爱佳
  GET https://missav.ai/dm113/cn/actresses/%E6%A2%A6%E4%B9%83%E7%88%B1%E4%BD%B3?sort=views
  GET https://missav.ai/dm113/cn/actresses/%E6%A2%A6%E4%B9%83%E7%88%B1%E4%BD%B3?sort=views&page=2
  -> 15 videos
[  7/102] 河北彩花
  GET https://missav.ai/dm563/cn/actresses/%E6%B2%B3%E5%8C%97%E5%BD%A9%E8%8A%B1?sort=views
  GET https://missav.ai/dm563/cn/actresses/%E6%B2%B3%E5%8C%97%E5%BD%A9%E8%8A%B1?sort=views&page=2
  -> 15 videos
[  8/102] 鹫尾芽衣
  GET https://missav.ai/dm116/cn/actresses/%E9%B9%AB%E5%B0%BE%E8%8A%BD%E8%A1%A3?sort=views
  -> 11 videos
[  9/102] 凪ひかる
  GET https://missav.ai/dm94/cn/actresses/%E5%87%AA%E3%81%B2%E3%81%8B%E3%82%8B?sort=views
  -> 11 videos
[ 10/102] 清原みゆう
  GET https://missav.ai/dm29/cn/actresses/%E6%B8%85%E5%8E%9F%E3%81%BF%E3%82%86%E3%81%86?sort=views
  !! ERROR: curl failed: curl: (47) Maximum (50) redirects followed

[ 11/102] 明日叶みつは
  GET https://missav.ai/dm31/cn/actresses/%E6%98%8E%E6%97%A5%E5%8F%B6%E3%81%BF%E3%81%A4%E3%81%AF?sort=views
  -> 11 videos
[ 12/102] 瀬户环奈
  GET https://missav.ai/dm19/cn/actresses/%E7%80%AC%E6%88%B7%E7%8E%AF%E5%A5%88?sort=views
  -> 10 videos
[ 13/102] 凉森玲梦 (涼森れむ)
  GET https://missav.ai/dm42/cn/actresses/%E5%87%89%E6%A3%AE%E7%8E%B2%E6%A2%A6?sort=views
  GET https://missav.ai/dm42/cn/actresses/%E5%87%89%E6%A3%AE%E7%8E%B2%E6%A2%A6?sort=views&page=2
  -> 15 videos
[ 14/102] 川越にこ
  GET https://missav.ai/dm2/cn/actresses/%E5%B7%9D%E8%B6%8A%E3%81%AB%E3%81%93?sort=views
  -> 11 videos
[ 15/102] 田野忧
  GET https://missav.ai/cn/actresses/%E7%94%B0%E9%87%8E%E5%BF%A7?sort=views
  -> 11 videos
[ 16/102] 楪可怜 (楪カレン)
  GET https://missav.ai/dm463/cn/actresses/%E6%A5%AA%E5%8F%AF%E6%80%9C?sort=views
  -> 11 videos
[ 17/102] 相泽南 (相沢みなみ)
  GET https://missav.ai/dm231/cn/actresses/%E7%9B%B8%E6%B3%BD%E5%8D%97?sort=views
  -> 9 videos
[ 18/102] 架乃由罗
  GET https://missav.ai/dm48/cn/actresses/%E6%9E%B6%E4%B9%83%E7%94%B1%E7%BD%97?sort=views
  -> 11 videos
[ 19/102] 天音真比奈
  GET https://missav.ai/dm55/cn/actresses/%E5%A4%A9%E9%9F%B3%E7%9C%9F%E6%AF%94%E5%A5%88?sort=views
  GET https://missav.ai/dm55/cn/actresses/%E5%A4%A9%E9%9F%B3%E7%9C%9F%E6%AF%94%E5%A5%88?sort=views&page=2
  -> 15 videos
[ 20/102] 小宵虎南
  GET https://missav.ai/dm81/cn/actresses/%E5%B0%8F%E5%AE%B5%E8%99%8E%E5%8D%97?sort=views
  -> 10 videos
[ 21/102] つばさ舞
  GET https://missav.ai/dm41/cn/actresses/%E3%81%A4%E3%81%B0%E3%81%95%E8%88%9E?sort=views
  -> 11 videos
[ 22/102] 山手梨爱
  GET https://missav.ai/dm88/cn/actresses/%E5%B1%B1%E6%89%8B%E6%A2%A8%E7%88%B1?sort=views
  -> 10 videos
[ 23/102] うんぱい
  GET https://missav.ai/dm92/cn/actresses/%E3%81%86%E3%82%93%E3%81%B1%E3%81%84?sort=views
  -> 11 videos
[ 24/102] 东云みれい
  GET https://missav.ai/dm148/cn/actresses/%E4%B8%9C%E4%BA%91%E3%81%BF%E3%82%8C%E3%81%84?sort=views
  GET https://missav.ai/dm148/cn/actresses/%E4%B8%9C%E4%BA%91%E3%81%BF%E3%82%8C%E3%81%84?sort=views&page=2
  -> 15 videos
[ 25/102] 安达夕莉
  GET https://missav.ai/dm28/cn/actresses/%E5%AE%89%E8%BE%BE%E5%A4%95%E8%8E%89?sort=views
  GET https://missav.ai/dm28/cn/actresses/%E5%AE%89%E8%BE%BE%E5%A4%95%E8%8E%89?sort=views&page=2
  -> 15 videos
[ 26/102] 宫城りえ
  GET https://missav.ai/dm27/cn/actresses/%E5%AE%AB%E5%9F%8E%E3%82%8A%E3%81%88?sort=views
  !! ERROR: curl failed: curl: (47) Maximum (50) redirects followed

[ 27/102] 黑岛玲衣
  GET https://missav.ai/dm13/cn/actresses/%E9%BB%91%E5%B2%9B%E7%8E%B2%E8%A1%A3?sort=views
  -> 10 videos
[ 28/102] 村上悠华
  GET https://missav.ai/dm125/cn/actresses/%E6%9D%91%E4%B8%8A%E6%82%A0%E5%8D%8E?sort=views
  -> 11 videos
[ 29/102] 仁藤さや香
  GET https://missav.ai/cn/actresses/%E4%BB%81%E8%97%A4%E3%81%95%E3%82%84%E9%A6%99?sort=views
  -> 10 videos
[ 30/102] 五条恋
  GET https://missav.ai/dm3/cn/actresses/%E4%BA%94%E6%9D%A1%E6%81%8B?sort=views
  -> 11 videos
[ 31/102] 逢泽みゆ
  GET https://missav.ai/dm3/cn/actresses/%E9%80%A2%E6%B3%BD%E3%81%BF%E3%82%86?sort=views
  GET https://missav.ai/dm3/cn/actresses/%E9%80%A2%E6%B3%BD%E3%81%BF%E3%82%86?sort=views&page=2
  -> 15 videos
[ 32/102] 神宫寺奈绪 (神宮寺ナオ)
  GET https://missav.ai/dm148/cn/actresses/%E7%A5%9E%E5%AE%AB%E5%AF%BA%E5%A5%88%E7%BB%AA?sort=views
  GET https://missav.ai/dm148/cn/actresses/%E7%A5%9E%E5%AE%AB%E5%AF%BA%E5%A5%88%E7%BB%AA?sort=views&page=2
  -> 15 videos
[ 33/102] 叶山さゆり (葉山さゆり)
  GET https://missav.ai/dm95/cn/actresses/%E5%8F%B6%E5%B1%B1%E3%81%95%E3%82%86%E3%82%8A?sort=views
  -> 11 videos
[ 34/102] 白鸟寿美礼
  GET https://missav.ai/dm31/cn/actresses/%E7%99%BD%E9%B8%9F%E5%AF%BF%E7%BE%8E%E7%A4%BC?sort=views
  !! ERROR: curl failed: curl: (47) Maximum (50) redirects followed

[ 35/102] 宫泽千春
  GET https://missav.ai/dm106/cn/actresses/%E5%AE%AB%E6%B3%BD%E5%8D%83%E6%98%A5?sort=views
  -> 11 videos
[ 36/102] 爱濑瑠华
  GET https://missav.ai/dm31/cn/actresses/%E7%88%B1%E6%BF%91%E7%91%A0%E5%8D%8E?sort=views
  !! ERROR: curl failed: curl: (47) Maximum (50) redirects followed

[ 37/102] 高嶋纪惠
  GET https://missav.ai/dm31/cn/actresses/%E9%AB%98%E5%B6%8B%E7%BA%AA%E6%83%A0?sort=views
  !! ERROR: curl failed: curl: (47) Maximum (50) redirects followed

[ 38/102] 来未エリカ
  GET https://missav.ai/dm31/cn/actresses/%E6%9D%A5%E6%9C%AA%E3%82%A8%E3%83%AA%E3%82%AB?sort=views
  !! ERROR: curl failed: curl: (47) Maximum (50) redirects followed

[ 39/102] 三岛奈津子 (三島奈津子)
  GET https://missav.ai/dm31/cn/actresses/%E4%B8%89%E5%B2%9B%E5%A5%88%E6%B4%A5%E5%AD%90?sort=views
  -> 11 videos
[ 40/102] 池上间寻 (池上まひろ)
  GET https://missav.ai/dm31/cn/actresses/%E6%B1%A0%E4%B8%8A%E9%97%B4%E5%AF%BB?sort=views
  !! ERROR: curl failed: curl: (47) Maximum (50) redirects followed

[ 41/102] 东实果 (東実果)
  GET https://missav.ai/cn/actresses/%E4%B8%9C%E5%AE%9E%E6%9E%9C?sort=views
  -> 7 videos
[ 42/102] miru
  GET https://missav.ai/dm80/cn/actresses/miru?sort=views
  -> 11 videos
[ 43/102] みなと羽琉
  GET https://missav.ai/dm13/cn/actresses/%E3%81%BF%E3%81%AA%E3%81%A8%E7%BE%BD%E7%90%89?sort=views
  GET https://missav.ai/dm13/cn/actresses/%E3%81%BF%E3%81%AA%E3%81%A8%E7%BE%BD%E7%90%89?sort=views&page=2
  -> 15 videos
[ 44/102] 浅野こころ
  GET https://missav.ai/dm109/cn/actresses/%E6%B5%85%E9%87%8E%E3%81%93%E3%81%93%E3%82%8D?sort=views
  -> 11 videos
[ 45/102] 儿玉七海
  GET https://missav.ai/cn/actresses/%E5%84%BF%E7%8E%89%E4%B8%83%E6%B5%B7?sort=views
  -> 11 videos
[ 46/102] 渚あいり
  GET https://missav.ai/cn/actresses/%E6%B8%9A%E3%81%82%E3%81%84%E3%82%8A?sort=views
  -> 11 videos
[ 47/102] 金松季步
  GET https://missav.ai/dm145/cn/actresses/%E9%87%91%E6%9D%BE%E5%AD%A3%E6%AD%A5?sort=views
  -> 11 videos
[ 48/102] 白上咲花
  GET https://missav.ai/dm66/cn/actresses/%E7%99%BD%E4%B8%8A%E5%92%B2%E8%8A%B1?sort=views
  !! ERROR: curl failed: curl: (47) Maximum (50) redirects followed

[ 49/102] 仓木华
  GET https://missav.ai/dm1/cn/actresses/%E4%BB%93%E6%9C%A8%E5%8D%8E?sort=views
  -> 11 videos
[ 50/102] 石田佳莲
  GET https://missav.ai/cn/actresses/%E7%9F%B3%E7%94%B0%E4%BD%B3%E8%8E%B2?sort=views
  -> 11 videos
[ 51/102] 榊原萌
  GET https://missav.ai/dm1/cn/actresses/%E6%A6%8A%E5%8E%9F%E8%90%8C?sort=views
  -> 11 videos
[ 52/102] 糸井瑠花
  GET https://missav.ai/dm2/cn/actresses/%E7%B3%B8%E4%BA%95%E7%91%A0%E8%8A%B1?sort=views
  -> 11 videos
[ 53/102] 新木希空
  GET https://missav.ai/cn/actresses/%E6%96%B0%E6%9C%A8%E5%B8%8C%E7%A9%BA?sort=views
  -> 10 videos
[ 54/102] 笹仓彩
  GET https://missav.ai/cn/actresses/%E7%AC%B9%E4%BB%93%E5%BD%A9?sort=views
  -> 11 videos
[ 55/102] 木村爱心
  GET https://missav.ai/dm1/cn/actresses/%E6%9C%A8%E6%9D%91%E7%88%B1%E5%BF%83?sort=views
  GET https://missav.ai/dm1/cn/actresses/%E6%9C%A8%E6%9D%91%E7%88%B1%E5%BF%83?sort=views&page=2
  -> 15 videos
[ 56/102] 彩月七绪 (彩月七緒)
  GET https://missav.ai/dm2/cn/actresses/%E5%BD%A9%E6%9C%88%E4%B8%83%E7%BB%AA?sort=views
  -> 10 videos
[ 57/102] 松本一香 (松本いちか)
  GET https://missav.ai/dm388/cn/actresses/%E6%9D%BE%E6%9C%AC%E4%B8%80%E9%A6%99?sort=views
  GET https://missav.ai/dm388/cn/actresses/%E6%9D%BE%E6%9C%AC%E4%B8%80%E9%A6%99?sort=views&page=2
  -> 15 videos
[ 58/102] 美园和花 (美園和花)
  GET https://missav.ai/dm174/cn/actresses/%E7%BE%8E%E5%9B%AD%E5%92%8C%E8%8A%B1?sort=views
  -> 11 videos
[ 59/102] 梦实かなえ (夢実かなえ)
  GET https://missav.ai/dm1/cn/actresses/%E6%A2%A6%E5%AE%9E%E3%81%8B%E3%81%AA%E3%81%88?sort=views
  -> 10 videos
[ 60/102] 博多彩叶 (博多彩葉)
  GET https://missav.ai/cn/actresses/%E5%8D%9A%E5%A4%9A%E5%BD%A9%E5%8F%B6?sort=views
  !! only 4 videos parsed; will retry
[ 61/102] 森泽佳奈 (饭冈佳奈子) (森沢かな（飯岡かなこ）)
  GET https://missav.ai/dm192/cn/actresses/%E6%A3%AE%E6%B3%BD%E4%BD%B3%E5%A5%88%20%28%E9%A5%AD%E5%86%88%E4%BD%B3%E5%A5%88%E5%AD%90%29?sort=views
  -> 11 videos
[ 62/102] 神木丽 (神木麗)
  GET https://missav.ai/dm74/cn/actresses/%E7%A5%9E%E6%9C%A8%E4%B8%BD?sort=views
  -> 10 videos
[ 63/102] 枫可怜 (田中柠檬) (楓カレン (田中レモン))
  GET https://missav.ai/dm38/cn/actresses/%E6%9E%AB%E5%8F%AF%E6%80%9C%20%28%E7%94%B0%E4%B8%AD%E6%9F%A0%E6%AA%AC%29?sort=views
  -> 11 videos
[ 64/102] 小岛南
  GET https://missav.ai/dm35/cn/actresses/%E5%B0%8F%E5%B2%9B%E5%8D%97?sort=views
  GET https://missav.ai/dm35/cn/actresses/%E5%B0%8F%E5%B2%9B%E5%8D%97?sort=views&page=2
  -> 15 videos
[ 65/102] 天使萌
  GET https://missav.ai/dm145/cn/actresses/%E5%A4%A9%E4%BD%BF%E8%90%8C?sort=views
  -> 10 videos
[ 66/102] 桥本有菜 (新有菜)
  GET https://missav.ai/dm58/cn/actresses/%E6%A1%A5%E6%9C%AC%E6%9C%89%E8%8F%9C%20%28%E6%96%B0%E6%9C%89%E8%8F%9C%29?sort=views
  GET https://missav.ai/dm58/cn/actresses/%E6%A1%A5%E6%9C%AC%E6%9C%89%E8%8F%9C%20%28%E6%96%B0%E6%9C%89%E8%8F%9C%29?sort=views&page=2
  -> 15 videos
[ 67/102] 羽咲美晴
  GET https://missav.ai/dm82/cn/actresses/%E7%BE%BD%E5%92%B2%E7%BE%8E%E6%99%B4?sort=views
  !! ERROR: curl failed: curl: (47) Maximum (50) redirects followed

[ 68/102] 深田奈奈
  GET https://missav.ai/dm36/cn/actresses/%E6%B7%B1%E7%94%B0%E5%A5%88%E5%A5%88?sort=views
  GET https://missav.ai/dm36/cn/actresses/%E6%B7%B1%E7%94%B0%E5%A5%88%E5%A5%88?sort=views&page=2
  -> 15 videos
[ 69/102] 松本菜奈实
  GET https://missav.ai/dm103/cn/actresses/%E6%9D%BE%E6%9C%AC%E8%8F%9C%E5%A5%88%E5%AE%9E?sort=views
  GET https://missav.ai/dm103/cn/actresses/%E6%9D%BE%E6%9C%AC%E8%8F%9C%E5%A5%88%E5%AE%9E?sort=views&page=2
  -> 15 videos
[ 70/102] 日菜菜彩音
  GET https://missav.ai/dm41/cn/actresses/%E6%97%A5%E8%8F%9C%E8%8F%9C%E5%BD%A9%E9%9F%B3?sort=views
  !! ERROR: curl failed: curl: (47) Maximum (50) redirects followed

[ 71/102] 松田美子
  GET https://missav.ai/dm33/cn/actresses/%E6%9D%BE%E7%94%B0%E7%BE%8E%E5%AD%90?sort=views
  !! ERROR: curl failed: curl: (47) Maximum (50) redirects followed

[ 72/102] 吉高宁宁
  GET https://missav.ai/dm57/cn/actresses/%E5%90%89%E9%AB%98%E5%AE%81%E5%AE%81?sort=views
  -> 9 videos
[ 73/102] 夕美紫苑
  GET https://missav.ai/dm46/cn/actresses/%E5%A4%95%E7%BE%8E%E7%B4%AB%E8%8B%91?sort=views
  GET https://missav.ai/dm46/cn/actresses/%E5%A4%95%E7%BE%8E%E7%B4%AB%E8%8B%91?sort=views&page=2
  -> 15 videos
[ 74/102] 乃木萤
  GET https://missav.ai/dm31/cn/actresses/%E4%B9%83%E6%9C%A8%E8%90%A4?sort=views
  !! ERROR: curl failed: curl: (47) Maximum (50) redirects followed

[ 75/102] 花宫亚梦
  GET https://missav.ai/dm32/cn/actresses/%E8%8A%B1%E5%AE%AB%E4%BA%9A%E6%A2%A6?sort=views
  -> 11 videos
[ 76/102] 乙白沙也加
  GET https://missav.ai/dm41/cn/actresses/%E4%B9%99%E7%99%BD%E6%B2%99%E4%B9%9F%E5%8A%A0?sort=views
  !! ERROR: curl failed: curl: (47) Maximum (50) redirects followed

[ 77/102] 潮美舞
  GET https://missav.ai/dm31/cn/actresses/%E6%BD%AE%E7%BE%8E%E8%88%9E?sort=views
  !! ERROR: curl failed: curl: (47) Maximum (50) redirects followed

[ 78/102] 爱宝すず
  GET https://missav.ai/dm33/cn/actresses/%E7%88%B1%E5%AE%9D%E3%81%99%E3%81%9A?sort=views
  !! ERROR: curl failed: curl: (47) Maximum (50) redirects followed

[ 79/102] 似鸟日菜
  GET https://missav.ai/dm26/cn/actresses/%E4%BC%BC%E9%B8%9F%E6%97%A5%E8%8F%9C?sort=views
  GET https://missav.ai/dm26/cn/actresses/%E4%BC%BC%E9%B8%9F%E6%97%A5%E8%8F%9C?sort=views&page=2
  !! page 2 failed: curl failed: curl: (47) Maximum (50) redirects followed
; stop paging
  -> 12 videos
[ 80/102] 望月つぼみ
  GET https://missav.ai/dm14/cn/actresses/%E6%9C%9B%E6%9C%88%E3%81%A4%E3%81%BC%E3%81%BF?sort=views
  GET https://missav.ai/dm14/cn/actresses/%E6%9C%9B%E6%9C%88%E3%81%A4%E3%81%BC%E3%81%BF?sort=views&page=2
  -> 15 videos
[ 81/102] 丸石レア
  GET https://missav.ai/dm51/cn/actresses/%E4%B8%B8%E7%9F%B3%E3%83%AC%E3%82%A2?sort=views
  !! ERROR: curl failed: curl: (47) Maximum (50) redirects followed

[ 82/102] 水乃なのは
  GET https://missav.ai/cn/actresses/%E6%B0%B4%E4%B9%83%E3%81%AA%E3%81%AE%E3%81%AF?sort=views
  -> 8 videos
[ 83/102] 葵司
  GET https://missav.ai/dm177/cn/actresses/%E8%91%B5%E5%8F%B8?sort=views
  -> 11 videos
[ 84/102] 安斋拉拉
  GET https://missav.ai/dm83/cn/actresses/%E5%AE%89%E6%96%8B%E6%8B%89%E6%8B%89?sort=views
  -> 11 videos
[ 85/102] 三宫椿
  GET https://missav.ai/dm150/cn/actresses/%E4%B8%89%E5%AE%AB%E6%A4%BF?sort=views
  -> 11 videos
[ 86/102] 小仓七海
  GET https://missav.ai/dm31/cn/actresses/%E5%B0%8F%E4%BB%93%E4%B8%83%E6%B5%B7?sort=views
  GET https://missav.ai/dm31/cn/actresses/%E5%B0%8F%E4%BB%93%E4%B8%83%E6%B5%B7?sort=views&page=2
  -> 15 videos
[ 87/102] 悠纱ありす
  GET https://missav.ai/dm26/cn/actresses/%E6%82%A0%E7%BA%B1%E3%81%82%E3%82%8A%E3%81%99?sort=views
  !! ERROR: curl failed: curl: (47) Maximum (50) redirects followed

[ 88/102] 日向かえで
  GET https://missav.ai/dm26/cn/actresses/%E6%97%A5%E5%90%91%E3%81%8B%E3%81%88%E3%81%A7?sort=views
  GET https://missav.ai/dm26/cn/actresses/%E6%97%A5%E5%90%91%E3%81%8B%E3%81%88%E3%81%A7?sort=views&page=2
  !! page 2 failed: curl failed: curl: (47) Maximum (50) redirects followed
; stop paging
  -> 12 videos
[ 89/102] 本乡爱
  GET https://missav.ai/dm47/cn/actresses/%E6%9C%AC%E4%B9%A1%E7%88%B1?sort=views
  !! ERROR: curl failed: curl: (47) Maximum (50) redirects followed

[ 90/102] 三田真铃
  GET https://missav.ai/dm55/cn/actresses/%E4%B8%89%E7%94%B0%E7%9C%9F%E9%93%83?sort=views
  -> 11 videos
[ 91/102] 神楽ももか
  GET https://missav.ai/cn/actresses/%E7%A5%9E%E6%A5%BD%E3%82%82%E3%82%82%E3%81%8B?sort=views
  -> 11 videos
[ 92/102] 早坂ひめ
  GET https://missav.ai/dm32/cn/actresses/%E6%97%A9%E5%9D%82%E3%81%B2%E3%82%81?sort=views
  -> 10 videos
[ 93/102] 小坂七香
  GET https://missav.ai/cn/actresses/%E5%B0%8F%E5%9D%82%E4%B8%83%E9%A6%99?sort=views
  !! ERROR: curl failed: curl: (47) Maximum (50) redirects followed

[ 94/102] 北野未奈
  GET https://missav.ai/dm114/cn/actresses/%E5%8C%97%E9%87%8E%E6%9C%AA%E5%A5%88?sort=views
  GET https://missav.ai/dm114/cn/actresses/%E5%8C%97%E9%87%8E%E6%9C%AA%E5%A5%88?sort=views&page=2
  -> 15 videos
[ 95/102] 大岛优香 (大島優香)
  GET https://missav.ai/dm35/cn/actresses/%E5%A4%A7%E5%B2%9B%E4%BC%98%E9%A6%99?sort=views
  -> 10 videos
[ 96/102] 橘玛丽 (橘メアリー)
  GET https://missav.ai/dm181/cn/actresses/%E6%A9%98%E7%8E%9B%E4%B8%BD?sort=views
  -> 10 videos
[ 97/102] 新有菜 (桥本有菜) (新ありな (橋本ありな))
  GET https://missav.ai/dm52/cn/actresses/%E6%96%B0%E6%9C%89%E8%8F%9C%20%28%E6%A1%A5%E6%9C%AC%E6%9C%89%E8%8F%9C%29?sort=views
  -> 11 videos
[ 98/102] 泷川花音 (瀧川花音)
  GET https://missav.ai/dm13/cn/actresses/%E6%B3%B7%E5%B7%9D%E8%8A%B1%E9%9F%B3?sort=views
  -> 10 videos
[ 99/102] 弓乃りむ
  GET https://missav.ai/dm27/cn/actresses/%E5%BC%93%E4%B9%83%E3%82%8A%E3%82%80?sort=views
  -> 11 videos
[100/102] 未步なな (未歩なな)
  GET https://missav.ai/dm27/cn/actresses/%E6%9C%AA%E6%AD%A5%E3%81%AA%E3%81%AA?sort=views
  -> 11 videos
[101/102] 川上优 (森野雫) (川上ゆう（森野雫）)
  GET https://missav.ai/dm87/cn/actresses/%E5%B7%9D%E4%B8%8A%E4%BC%98%20%28%E6%A3%AE%E9%87%8E%E9%9B%AB%29?sort=views
  !! ERROR: curl failed: curl: (47) Maximum (50) redirects followed

[102/102] 向井蓝 (向井藍)
  GET https://missav.ai/dm94/cn/actresses/%E5%90%91%E4%BA%95%E8%93%9D?sort=views
  -> 11 videos

Done. failures: 21
  清原みゆう
  宫城りえ
  白鸟寿美礼
  爱濑瑠华
  高嶋纪惠
  来未エリカ
  池上间寻
  白上咲花
  博多彩叶
  羽咲美晴
  日菜菜彩音
  松田美子
  乃木萤
  乙白沙也加
  潮美舞
  爱宝すず
  丸石レア
  悠纱ありす
  本乡爱
  小坂七香
  川上优 (森野雫)
